<?xml version="1.0" encoding="UTF-8"?>
<testng-results ignored="0" total="1" passed="1" failed="0" skipped="0">
  <reporter-output>
  </reporter-output>
  <suite started-at="2022-03-04T13:38:37Z" name="Suite" finished-at="2022-03-04T13:38:46Z" duration-ms="9430">
    <groups>
    </groups>
    <test started-at="2022-03-04T13:38:37Z" name="Test1" finished-at="2022-03-04T13:38:46Z" duration-ms="9430">
      <class name="TestClassPackage.TestClass">
        <test-method is-config="true" signature="beforetest(java.lang.String)[pri:0, instance:TestClassPackage.TestClass@2cb4893b]" started-at="2022-03-04T13:38:37Z" name="beforetest" finished-at="2022-03-04T13:38:40Z" duration-ms="3424" status="PASS">
          <params>
            <param index="0">
              <value>
                <![CDATA[edge]]>
              </value>
            </param>
          </params>
          <reporter-output>
          </reporter-output>
        </test-method> <!-- beforetest -->
        <test-method is-config="true" signature="beforeClass1()[pri:0, instance:TestClassPackage.TestClass@2cb4893b]" started-at="2022-03-04T13:38:40Z" name="beforeClass1" finished-at="2022-03-04T13:38:40Z" duration-ms="50" status="PASS">
          <reporter-output>
          </reporter-output>
        </test-method> <!-- beforeClass1 -->
        <test-method is-config="true" signature="beforeMethod1()[pri:0, instance:TestClassPackage.TestClass@2cb4893b]" started-at="2022-03-04T13:38:40Z" name="beforeMethod1" finished-at="2022-03-04T13:38:44Z" duration-ms="4055" status="PASS">
          <reporter-output>
          </reporter-output>
        </test-method> <!-- beforeMethod1 -->
        <test-method signature="test1()[pri:0, instance:TestClassPackage.TestClass@2cb4893b]" started-at="2022-03-04T13:38:44Z" name="test1" finished-at="2022-03-04T13:38:46Z" duration-ms="1579" status="PASS">
          <reporter-output>
          </reporter-output>
        </test-method> <!-- test1 -->
        <test-method is-config="true" signature="afterClass1()[pri:0, instance:TestClassPackage.TestClass@2cb4893b]" started-at="2022-03-04T13:38:46Z" name="afterClass1" finished-at="2022-03-04T13:38:46Z" duration-ms="0" status="PASS">
          <reporter-output>
          </reporter-output>
        </test-method> <!-- afterClass1 -->
        <test-method is-config="true" signature="aftertest1()[pri:0, instance:TestClassPackage.TestClass@2cb4893b]" started-at="2022-03-04T13:38:46Z" name="aftertest1" finished-at="2022-03-04T13:38:46Z" duration-ms="280" status="PASS">
          <reporter-output>
          </reporter-output>
        </test-method> <!-- aftertest1 -->
      </class> <!-- TestClassPackage.TestClass -->
    </test> <!-- Test1 -->
  </suite> <!-- Suite -->
</testng-results>
